1: package IO;
2: 
3: import java.io.BufferedReader;
4: import java.io.IOException;
5: import java.io.PrintWriter;
6: import java.io.StringReader;
7: 
8: public class FileOutputShortcut {
9:     static String file = "FileOutputShortcut.out";
10: 
11:     public static void main(String[] argv) throws IOException {
12:         BufferedReader in = new BufferedReader(
13:                 new StringReader(BufferedInputFile.read("src/IO/FileOutputShortcut.java"))
14:         );
15:         PrintWriter out = new PrintWriter(file);
16:         int countLine = 1;
17:         String s;
18:         while (( s = in.readLine()) != null )
19:             out.println(countLine++ + ": " + s);
20:         out.close();
21:         System.out.println(BufferedInputFile.read(file));
22:     }
23: 
24: }
